<?xml version="1.0" encoding="UTF-8"?>
<!-- Generated by org.testng.reporters.JUnitReportReporter -->
<testsuite skipped="0" hostname="8UOUHVQX1VYCRZZ" name="com.lzq.selenium.imoocTest.testCase.testCourseList" tests="1" failures="0" timestamp="02 一月 2019 16:06:13 GMT" time="169.249" errors="0">
  <testcase name="CourseList" time="169.249" classname="com.lzq.selenium.imoocTest.testCase.testCourseList"/>
</testsuite> <!-- com.lzq.selenium.imoocTest.testCase.testCourseList -->
