<?xml version="1.0" encoding="UTF-8"?>
<!-- Generated by org.testng.reporters.JUnitReportReporter -->
<testsuite skipped="0" hostname="4399SBWQZK4BO21" name="com.lzq.selenium.imoocTest.testCase.Login" tests="5" failures="0" timestamp="02 二月 2019 07:04:23 GMT" time="135.444" errors="0">
  <testcase name="testLogin" time="63.950" classname="com.lzq.selenium.imoocTest.testCase.Login"/>
  <testcase name="getLoginHome" time="63.311" classname="com.lzq.selenium.imoocTest.testCase.Login"/>
  <testcase name="testBuyNow" time="2.830" classname="com.lzq.selenium.imoocTest.testCase.Login"/>
  <testcase name="testSureOrder" time="3.328" classname="com.lzq.selenium.imoocTest.testCase.Login"/>
  <testcase name="TestGoPay" time="2.025" classname="com.lzq.selenium.imoocTest.testCase.Login"/>
</testsuite> <!-- com.lzq.selenium.imoocTest.testCase.Login -->
