<?xml version="1.0" encoding="UTF-8"?>
<!-- Generated by org.testng.reporters.JUnitReportReporter -->
<testsuite skipped="0" hostname="4399SBWQZK4BO21" name="com.lzq.selenium.imoocTest.testCase.Login" tests="4" failures="0" timestamp="01 二月 2019 07:49:31 GMT" time="70.874" errors="0">
  <testcase name="testBuyNow" time="9.197" classname="com.lzq.selenium.imoocTest.testCase.Login"/>
  <testcase name="getLoginHome" time="32.588" classname="com.lzq.selenium.imoocTest.testCase.Login"/>
  <testcase name="testLogin" time="28.696" classname="com.lzq.selenium.imoocTest.testCase.Login"/>
  <testcase name="testSureOrder" time="0.393" classname="com.lzq.selenium.imoocTest.testCase.Login"/>
</testsuite> <!-- com.lzq.selenium.imoocTest.testCase.Login -->
