<?xml version="1.0" encoding="UTF-8"?>
<!-- Generated by org.testng.reporters.JUnitReportReporter -->
<testsuite skipped="0" hostname="4399SBWQZK4BO21" name="com.lzq.selenium.imoocTest.login" tests="2" failures="0" timestamp="06 十一月 2018 01:58:46 GMT" time="78.211" errors="0">
  <testcase name="loginScript" time="17.056" classname="com.lzq.selenium.imoocTest.login"/>
  <testcase name="initDriver" time="61.155" classname="com.lzq.selenium.imoocTest.login"/>
</testsuite> <!-- com.lzq.selenium.imoocTest.login -->
