<?xml version="1.0" encoding="UTF-8"?>
<!-- Generated by org.testng.reporters.JUnitReportReporter -->
<testsuite skipped="0" hostname="8UOUHVQX1VYCRZZ" name="com.lzq.selenium.imoocTest.testCase.SuiteTestBuy" tests="1" failures="0" timestamp="02 三月 2019 09:11:28 GMT" time="0.258" errors="0">
  <testcase name="testBuy" time="0.258" classname="com.lzq.selenium.imoocTest.testCase.SuiteTestBuy"/>
</testsuite> <!-- com.lzq.selenium.imoocTest.testCase.SuiteTestBuy -->
