<?xml version="1.0" encoding="UTF-8"?>
<!-- Generated by org.testng.reporters.JUnitReportReporter -->
<testsuite skipped="0" hostname="8UOUHVQX1VYCRZZ" name="com.lzq.selenium.imoocTest.testCase.Login" tests="3" failures="0" timestamp="06 一月 2019 10:20:53 GMT" time="30.103" errors="0">
  <testcase name="getLoginHome" time="16.399" classname="com.lzq.selenium.imoocTest.testCase.Login"/>
  <testcase name="testLogin" time="10.477" classname="com.lzq.selenium.imoocTest.testCase.Login"/>
  <testcase name="TestAddCart" time="3.227" classname="com.lzq.selenium.imoocTest.testCase.Login"/>
</testsuite> <!-- com.lzq.selenium.imoocTest.testCase.Login -->
