<?xml version="1.0" encoding="UTF-8"?>
<!-- Generated by org.testng.reporters.JUnitReportReporter -->
<testsuite skipped="0" hostname="8UOUHVQX1VYCRZZ" name="com.lzq.selenium.imoocTest.login" tests="2" failures="0" timestamp="05 十一月 2018 15:42:37 GMT" time="13.357" errors="0">
  <testcase name="initDriver" time="9.216" classname="com.lzq.selenium.imoocTest.login"/>
  <testcase name="loginScript" time="4.141" classname="com.lzq.selenium.imoocTest.login"/>
</testsuite> <!-- com.lzq.selenium.imoocTest.login -->
