<?xml version="1.0" encoding="UTF-8"?>
<!-- Generated by org.testng.reporters.JUnitReportReporter -->
<testsuite skipped="0" hostname="8UOUHVQX1VYCRZZ" name="com.lzq.selenium.imoocTest.testCase.Login" tests="2" failures="0" timestamp="23 十二月 2018 09:40:53 GMT" time="13.061" errors="0">
  <testcase name="testLogin" time="0.748" classname="com.lzq.selenium.imoocTest.testCase.Login"/>
  <testcase name="getLoginHome" time="12.313" classname="com.lzq.selenium.imoocTest.testCase.Login"/>
</testsuite> <!-- com.lzq.selenium.imoocTest.testCase.Login -->
