<?xml version="1.0" encoding="UTF-8"?>
<!-- Generated by org.testng.reporters.JUnitReportReporter -->
<testsuite skipped="0" hostname="8UOUHVQX1VYCRZZ" name="com.lzq.selenium.imoocTest.testCase.Login" tests="2" failures="0" timestamp="24 十二月 2018 14:29:55 GMT" time="18.404" errors="0">
  <testcase name="testLogin" time="0.771" classname="com.lzq.selenium.imoocTest.testCase.Login"/>
  <testcase name="getLoginHome" time="17.633" classname="com.lzq.selenium.imoocTest.testCase.Login"/>
</testsuite> <!-- com.lzq.selenium.imoocTest.testCase.Login -->
