<?xml version="1.0" encoding="UTF-8"?>
<!-- Generated by org.testng.reporters.JUnitReportReporter -->
<testsuite skipped="0" hostname="8UOUHVQX1VYCRZZ" name="com.lzq.selenium.imoocTest.testCase.SuiteTestLogin" tests="1" failures="0" timestamp="02 三月 2019 04:53:59 GMT" time="6.102" errors="0">
  <testcase name="testLogin" time="6.102" classname="com.lzq.selenium.imoocTest.testCase.SuiteTestLogin"/>
</testsuite> <!-- com.lzq.selenium.imoocTest.testCase.SuiteTestLogin -->
