<?xml version="1.0" encoding="UTF-8"?>
<!-- Generated by org.testng.reporters.JUnitReportReporter -->
<testsuite skipped="0" hostname="8UOUHVQX1VYCRZZ" name="com.lzq.selenium.imoocTest.testCase.TestngTest" tests="2" failures="0" timestamp="26 二月 2019 14:25:18 GMT" time="0.007" errors="0">
  <testcase name="test" time="0.006" classname="com.lzq.selenium.imoocTest.testCase.TestngTest"/>
  <testcase name="test002" time="0.001" classname="com.lzq.selenium.imoocTest.testCase.TestngTest"/>
</testsuite> <!-- com.lzq.selenium.imoocTest.testCase.TestngTest -->
