<?xml version="1.0" encoding="UTF-8"?>
<!-- Generated by org.testng.reporters.JUnitReportReporter -->
<testsuite skipped="0" hostname="8UOUHVQX1VYCRZZ" name="com.lzq.selenium.imoocTest.testCase.Login" tests="3" failures="0" timestamp="07 一月 2019 16:15:47 GMT" time="48.600" errors="0">
  <testcase name="TestAddCart" time="6.401" classname="com.lzq.selenium.imoocTest.testCase.Login"/>
  <testcase name="getLoginHome" time="14.587" classname="com.lzq.selenium.imoocTest.testCase.Login"/>
  <testcase name="testLogin" time="27.612" classname="com.lzq.selenium.imoocTest.testCase.Login"/>
</testsuite> <!-- com.lzq.selenium.imoocTest.testCase.Login -->
