<?xml version="1.0" encoding="UTF-8"?>
<!-- Generated by org.testng.reporters.JUnitReportReporter -->
<testsuite skipped="0" hostname="8UOUHVQX1VYCRZZ" name="com.lzq.selenium.imoocTest.testCase.Login" tests="5" failures="0" timestamp="26 二月 2019 15:46:01 GMT" time="37.640" errors="0">
  <testcase name="testSureOrder" time="3.111" classname="com.lzq.selenium.imoocTest.testCase.Login"/>
  <testcase name="TestGoPay" time="0.459" classname="com.lzq.selenium.imoocTest.testCase.Login"/>
  <testcase name="testLogin" time="16.413" classname="com.lzq.selenium.imoocTest.testCase.Login"/>
  <testcase name="getLoginHome" time="14.003" classname="com.lzq.selenium.imoocTest.testCase.Login"/>
  <testcase name="testBuyNow" time="3.654" classname="com.lzq.selenium.imoocTest.testCase.Login"/>
</testsuite> <!-- com.lzq.selenium.imoocTest.testCase.Login -->
